e:\lucas\tcc_senai\software\pc\software  12.11\compilaladder4.1\compilaladder4\debug\compilaladder4.pch
e:\lucas\tcc_senai\software\pc\software  12.11\compilaladder4.1\compilaladder4\debug\stdafx.obj
e:\lucas\tcc_senai\software\pc\software  12.11\compilaladder4.1\compilaladder4\debug\vc110.pdb
e:\lucas\tcc_senai\software\pc\software  12.11\compilaladder4.1\compilaladder4\debug\compilaladder4.obj
e:\lucas\tcc_senai\software\pc\software  12.11\compilaladder4.1\debug\compilaladder4.ilk
e:\lucas\tcc_senai\software\pc\software  12.11\compilaladder4.1\debug\compilaladder4.exe
e:\lucas\tcc_senai\software\pc\software  12.11\compilaladder4.1\debug\compilaladder4.pdb
e:\lucas\tcc_senai\software\pc\software  12.11\compilaladder4.1\compilaladder4\debug\vc120.pdb
e:\lucas\tcc_senai\software\pc\software  12.11\compilaladder4.1\compilaladder4\debug\vc120.idb
e:\lucas\tcc_senai\software\pc\software  12.11\compilaladder4.1\compilaladder4\debug\compilaladder4.ilk
e:\lucas\tcc_senai\software\pc\software  12.11\compilaladder4.1\compilaladder4\debug\compilaladder4.exe
e:\lucas\tcc_senai\software\pc\software  12.11\compilaladder4.1\compilaladder4\debug\compilaladder4.pdb
e:\lucas\tcc_senai\software\pc\software  12.11\compilaladder4.1\compilaladder4\debug\cl.command.1.tlog
e:\lucas\tcc_senai\software\pc\software  12.11\compilaladder4.1\compilaladder4\debug\cl.read.1.tlog
e:\lucas\tcc_senai\software\pc\software  12.11\compilaladder4.1\compilaladder4\debug\cl.write.1.tlog
e:\lucas\tcc_senai\software\pc\software  12.11\compilaladder4.1\compilaladder4\debug\link-cvtres.read.1.tlog
e:\lucas\tcc_senai\software\pc\software  12.11\compilaladder4.1\compilaladder4\debug\link-cvtres.write.1.tlog
e:\lucas\tcc_senai\software\pc\software  12.11\compilaladder4.1\compilaladder4\debug\link-rc.read.1.tlog
e:\lucas\tcc_senai\software\pc\software  12.11\compilaladder4.1\compilaladder4\debug\link-rc.write.1.tlog
e:\lucas\tcc_senai\software\pc\software  12.11\compilaladder4.1\compilaladder4\debug\link.4260-cvtres.read.1.tlog
e:\lucas\tcc_senai\software\pc\software  12.11\compilaladder4.1\compilaladder4\debug\link.4260-cvtres.write.1.tlog
e:\lucas\tcc_senai\software\pc\software  12.11\compilaladder4.1\compilaladder4\debug\link.4260-rc.read.1.tlog
e:\lucas\tcc_senai\software\pc\software  12.11\compilaladder4.1\compilaladder4\debug\link.4260-rc.write.1.tlog
e:\lucas\tcc_senai\software\pc\software  12.11\compilaladder4.1\compilaladder4\debug\link.4260.read.1.tlog
e:\lucas\tcc_senai\software\pc\software  12.11\compilaladder4.1\compilaladder4\debug\link.4260.write.1.tlog
e:\lucas\tcc_senai\software\pc\software  12.11\compilaladder4.1\compilaladder4\debug\link.4380-cvtres.read.1.tlog
e:\lucas\tcc_senai\software\pc\software  12.11\compilaladder4.1\compilaladder4\debug\link.4380-cvtres.write.1.tlog
e:\lucas\tcc_senai\software\pc\software  12.11\compilaladder4.1\compilaladder4\debug\link.4380-rc.read.1.tlog
e:\lucas\tcc_senai\software\pc\software  12.11\compilaladder4.1\compilaladder4\debug\link.4380-rc.write.1.tlog
e:\lucas\tcc_senai\software\pc\software  12.11\compilaladder4.1\compilaladder4\debug\link.4380.read.1.tlog
e:\lucas\tcc_senai\software\pc\software  12.11\compilaladder4.1\compilaladder4\debug\link.4380.write.1.tlog
e:\lucas\tcc_senai\software\pc\software  12.11\compilaladder4.1\compilaladder4\debug\link.5100-cvtres.read.1.tlog
e:\lucas\tcc_senai\software\pc\software  12.11\compilaladder4.1\compilaladder4\debug\link.5100-cvtres.write.1.tlog
e:\lucas\tcc_senai\software\pc\software  12.11\compilaladder4.1\compilaladder4\debug\link.5100-rc.read.1.tlog
e:\lucas\tcc_senai\software\pc\software  12.11\compilaladder4.1\compilaladder4\debug\link.5100-rc.write.1.tlog
e:\lucas\tcc_senai\software\pc\software  12.11\compilaladder4.1\compilaladder4\debug\link.5100.read.1.tlog
e:\lucas\tcc_senai\software\pc\software  12.11\compilaladder4.1\compilaladder4\debug\link.5100.write.1.tlog
e:\lucas\tcc_senai\software\pc\software  12.11\compilaladder4.1\compilaladder4\debug\link.command.1.tlog
e:\lucas\tcc_senai\software\pc\software  12.11\compilaladder4.1\compilaladder4\debug\link.read.1.tlog
e:\lucas\tcc_senai\software\pc\software  12.11\compilaladder4.1\compilaladder4\debug\link.write.1.tlog
e:\lucas\tcc_senai\software\pc\software  12.11\compilaladder4.1\compilaladder4\debug\vc110.idb
e:\lucas\tcc_senai\software\pc\software  12.11\compilaladder4.1\compilaladder4\debug\compilaladder4.tlog\cl.command.1.tlog
e:\lucas\tcc_senai\software\pc\software  12.11\compilaladder4.1\compilaladder4\debug\compilaladder4.tlog\cl.read.1.tlog
e:\lucas\tcc_senai\software\pc\software  12.11\compilaladder4.1\compilaladder4\debug\compilaladder4.tlog\cl.write.1.tlog
e:\lucas\tcc_senai\software\pc\software  12.11\compilaladder4.1\compilaladder4\debug\compilaladder4.tlog\link.command.1.tlog
e:\lucas\tcc_senai\software\pc\software  12.11\compilaladder4.1\compilaladder4\debug\compilaladder4.tlog\link.read.1.tlog
e:\lucas\tcc_senai\software\pc\software  12.11\compilaladder4.1\compilaladder4\debug\compilaladder4.tlog\link.write.1.tlog
